


                    **************************************
                    *                                    *
                    *                                    *
                    *                                    *
                    *        Relativistic SCF Run        *
                    *                                    *
                    *            written by              *
                    *                                    *
                    *   P. K.  Panda and R. K. Chaudhuri *
                    *                                    *
                    *                                    *
                    *                                    *
                    **************************************


                           Xenon                                                                           


>>>>>>>>>>>>>>> INPUT DATA >>>>>>>>>>>>>>>>>>>>>>>>


    ATOM =   XE         ATOMIC NUMBER =  54
NUMBER OF SYMMETRY =  9
 BASIS   -->           33          30          30          28          28
          25          25          23          23
 OCC ORB -->            4           3           3           2           2
           0           0           0           0
 KAPPA   -->           -1           1          -2           2          -3
           3          -4           4          -5
 J VALUE -->   0.500000000000000       0.500000000000000     
   1.50000000000000        1.50000000000000        2.50000000000000     
   2.50000000000000        3.50000000000000        3.50000000000000     
   4.50000000000000     


                         ET


 ALPHA3  -->   5.250000000000000E-003  8.250000000000000E-003
  8.250000000000000E-003  7.250000000000000E-003  7.250000000000000E-003
  2.250000000000000E-003  2.250000000000000E-003  9.250000000000000E-003
  9.250000000000000E-003
 BETA3   -->    2.72000000000000        2.38000000000000     
   2.38000000000000        2.04000000000000        2.04000000000000     
   2.00000000000000        2.00000000000000        2.04000000000000     
   2.10000000000000     
CHARGE = 8
MAX ITER = 50        CONV. =0.1000D-06
JPRINT = 0
NUCLEAR OPTIONAL =  1
<<<<<<<<<<<<<<<<<<<<<<<<<<<<<<<<<<<<<<<<<<<<<<<<<<<


  TOTAL NUMBER OF BASIS FUNCTION= 245


  SYMMETRY   NO. OF BASIS FUNCTION   NSKIP

     1              33               0
     2              30              33
     3              30              63
     4              28              93
     5              28             121
     6              25             149
     7              25             174
     8              23             199
     9              23             222

 CONVERGENCE DATA
 MAXIMUM NO. OF ITERATION=    50
 CONVERGENCE CRITERION   = 1.0D- 7



 CYCLE      DENSITY CONV

  0          0.0000000D+00
  1          0.3071412D+02
  2          0.3062125D+02
  3          0.1084645D+02
  4          0.2063085D+01
  5          0.7128110D-01
  6          0.8325251D-02
  7          0.3668667D-03
  8          0.3709044D-04
  9          0.2107782D-05
 10          0.1065060D-06
 11          0.1741567D-07



    SCF CONVERGES AT CYCLE  11



    ELECTRONIC ENERGY=    -0.74327379312D+04



     ORBITAL ENERGIES (+ve and -ve) 

     1 S   -0.12820886969D+04  -0.37558175262D+05

     2 S   -0.20676896932D+03  -0.37558522892D+05

     3 S   -0.47166835088D+02  -0.37559115005D+05

     4 S   -0.12432621007D+02  -0.37560175225D+05

     5 S   -0.38262964457D+01  -0.37562161315D+05

     6 S   -0.20510330602D+01  -0.37566215498D+05

     7 S   -0.12517534722D+01  -0.37576515868D+05

     8 S   -0.78595214843D+00  -0.37604562587D+05

     9 S   -0.47914256125D+00  -0.37672617186D+05

    10 S   -0.26988273538D+00  -0.37834463492D+05

    11 S    0.16627984392D+02  -0.38207525783D+05

    12 S    0.15861071408D+03  -0.39064397506D+05

    13 S    0.85459925196D+03  -0.41036556406D+05

    14 S    0.31685668084D+04  -0.45484432198D+05

    15 S    0.90290830965D+04  -0.54853412690D+05

    16 S    0.21159428929D+05  -0.72755176200D+05

    17 S    0.43300059524D+05  -0.10440568373D+06

    18 S    0.81313543919D+05  -0.15809337607D+06

    19 S    0.14499165343D+06  -0.24757286499D+06

    20 S    0.25076417651D+06  -0.39567727495D+06

    21 S    0.42622920948D+06  -0.64006230613D+06

    22 S    0.71822202523D+06  -0.10422870807D+07

    23 S    0.12079815848D+07  -0.17008962463D+07

    24 S    0.20392561939D+07  -0.27669128429D+07

    25 S    0.34652041251D+07  -0.44609827059D+07

    26 S    0.59209712955D+07  -0.71384833397D+07

    27 S    0.10089133291D+08  -0.11442832986D+08

    28 S    0.17046663279D+08  -0.18466078000D+08

    29 S    0.28568745164D+08  -0.30016373011D+08

    30 S    0.47624721590D+08  -0.49083889154D+08

    31 S    0.79252777666D+08  -0.80716565769D+08

    32 S    0.13249706483D+09  -0.13396268579D+09

    33 S    0.22719043152D+09  -0.22865678369D+09

     1 P-  -0.19384120787D+03  -0.37558470825D+05

     2 P-  -0.41765502405D+02  -0.37558939151D+05

     3 P-  -0.10453531164D+02  -0.37559752564D+05

     4 P-  -0.33049634813D+01  -0.37561088314D+05

     5 P-  -0.18475542049D+01  -0.37563462886D+05

     6 P-  -0.11781395253D+01  -0.37568161365D+05

     7 P-  -0.79571453878D+00  -0.37579245117D+05

     8 P-  -0.56909607529D+00  -0.37605312141D+05

     9 P-  -0.44754275238D+00  -0.37661232781D+05

    10 P-   0.39342987483D+01  -0.37779292239D+05

    11 P-   0.27990668269D+02  -0.38020468386D+05

    12 P-   0.12911612751D+03  -0.38505251872D+05

    13 P-   0.46668547713D+03  -0.39479906999D+05

    14 P-   0.14012153202D+04  -0.41432379511D+05

    15 P-   0.36378879532D+04  -0.45265447571D+05

    16 P-   0.83393194505D+04  -0.52451535284D+05

    17 P-   0.17141289095D+05  -0.65108164890D+05

    18 P-   0.32234956937D+05  -0.86168118161D+05

    19 P-   0.56756036338D+05  -0.11990650290D+06

    20 P-   0.95492674428D+05  -0.17286045946D+06

    21 P-   0.15590246179D+06  -0.25516583050D+06

    22 P-   0.24963076214D+06  -0.38251757230D+06

    23 P-   0.39488061458D+06  -0.57914493757D+06

    24 P-   0.62037621833D+06  -0.88221129200D+06

    25 P-   0.97187762733D+06  -0.13483502509D+07

    26 P-   0.15241329429D+07  -0.20615651497D+07

    27 P-   0.23997072934D+07  -0.31443746706D+07

    28 P-   0.38002164996D+07  -0.47783004227D+07

    29 P-   0.60815007165D+07  -0.72763790040D+07

    30 P-   0.99926024312D+07  -0.11347385862D+08

     1 P   -0.18187779101D+03  -0.37558224141D+05

     2 P   -0.39434631033D+02  -0.37558564169D+05

     3 P   -0.99801911957D+01  -0.37559113159D+05

     4 P   -0.32233735798D+01  -0.37560048604D+05

     5 P   -0.18141050245D+01  -0.37561712946D+05

     6 P   -0.11602096652D+01  -0.37564830516D+05

     7 P   -0.78206134327D+00  -0.37571300938D+05

     8 P   -0.54673420398D+00  -0.37586738440D+05

     9 P   -0.43572279343D+00  -0.37623033906D+05

    10 P    0.43122093280D+01  -0.37702727859D+05

    11 P    0.29786546161D+02  -0.37877046501D+05

    12 P    0.13594654613D+03  -0.38251698551D+05

    13 P    0.48835317386D+03  -0.39052193029D+05

    14 P    0.14626405709D+04  -0.40748514270D+05

    15 P    0.38016645734D+04  -0.44230569199D+05

    16 P    0.87446854766D+04  -0.50966521903D+05

    17 P    0.18030187119D+05  -0.63048249769D+05

    18 P    0.33960214602D+05  -0.83320210207D+05

    19 P    0.59817123852D+05  -0.11589872242D+06

    20 P    0.10062003302D+06  -0.16708826677D+06

    21 P    0.16418327947D+06  -0.24668643818D+06

    22 P    0.26265069748D+06  -0.36989764338D+06

    23 P    0.41483158233D+06  -0.56025176223D+06

    24 P    0.64982104608D+06  -0.85410857201D+06

    25 P    0.10127326825D+07  -0.13076199738D+07

    26 P    0.15742832591D+07  -0.20073427475D+07

    27 P    0.24496551122D+07  -0.30850324849D+07

    28 P    0.38363481154D+07  -0.47355043182D+07

    29 P    0.61020262034D+07  -0.72547125398D+07

    30 P    0.10001946673D+08  -0.11337913887D+08

     1 D-  -0.30128205984D+02  -0.37558302035D+05

     2 D-  -0.66890917472D+01  -0.37558593235D+05

     3 D-  -0.24445387873D+01  -0.37559050379D+05

     4 D-  -0.14739425485D+01  -0.37559743594D+05

     5 D-  -0.99234367474D+00  -0.37560847486D+05

     6 D-  -0.71230521235D+00  -0.37562648876D+05

     7 D-  -0.52626456550D+00  -0.37565741909D+05

     8 D-  -0.38250220584D+00  -0.37571561750D+05

     9 D-  -0.22000645020D+00  -0.37583468216D+05

    10 D-   0.21246987986D+01  -0.37607640750D+05

    11 D-   0.96901152419D+01  -0.37654079236D+05

    12 D-   0.29966553247D+02  -0.37742134854D+05

    13 D-   0.81398018853D+02  -0.37907820508D+05

    14 D-   0.20556485051D+03  -0.38215185322D+05

    15 D-   0.48945926910D+03  -0.38782726676D+05

    16 D-   0.11047644875D+04  -0.39826777007D+05

    17 D-   0.23670654145D+04  -0.41725070001D+05

    18 D-   0.47976845593D+04  -0.45086047788D+05

    19 D-   0.91511373384D+04  -0.50788445723D+05

    20 D-   0.16406691420D+05  -0.59990581992D+05

    21 D-   0.27800427392D+05  -0.74184499282D+05

    22 D-   0.44968411570D+05  -0.95376498743D+05

    23 D-   0.70212383907D+05  -0.12638691499D+06

    24 D-   0.10682028633D+06  -0.17132717805D+06

    25 D-   0.15975527192D+06  -0.23617539285D+06

    26 D-   0.23590741270D+06  -0.33058733199D+06

    27 D-   0.34915639470D+06  -0.46943279270D+06

    28 D-   0.51370636047D+06  -0.70140537956D+06

     1 D   -0.29643507447D+02  -0.37558139118D+05

     2 D   -0.66098263315D+01  -0.37558373801D+05

     3 D   -0.24315777333D+01  -0.37558721164D+05

     4 D   -0.14679580839D+01  -0.37559262312D+05

     5 D   -0.98908343597D+00  -0.37560134993D+05

     6 D   -0.71043680003D+00  -0.37561588350D+05

     7 D   -0.52525477591D+00  -0.37564090509D+05

     8 D   -0.38191320195D+00  -0.37568586965D+05

     9 D   -0.21201642718D+00  -0.37577254606D+05

    10 D    0.21615458599D+01  -0.37595098609D+05

    11 D    0.97927763654D+01  -0.37631395990D+05

    12 D    0.30212054613D+02  -0.37702154890D+05

    13 D    0.82012309430D+02  -0.37839568185D+05

    14 D    0.20706537483D+03  -0.38105357891D+05

    15 D    0.49314491801D+03  -0.38613074407D+05

    16 D    0.11149593874D+04  -0.39574206456D+05

    17 D    0.23944452974D+04  -0.41362810104D+05

    18 D    0.48638431911D+04  -0.44582923422D+05

    19 D    0.92966159188D+04  -0.50109770669D+05

    20 D    0.16698885643D+05  -0.59095976367D+05

    21 D    0.28336038328D+05  -0.73016874042D+05

    22 D    0.45878105265D+05  -0.93842666266D+05

    23 D    0.71665500460D+05  -0.12434551068D+06

    24 D    0.10907964407D+06  -0.16854022958D+06

    25 D    0.16309815775D+06  -0.23235917582D+06

    26 D    0.24120323265D+06  -0.32495756910D+06

    27 D    0.35611999266D+06  -0.46183315885D+06

    28 D    0.52962023885D+06  -0.68253152027D+06

     1 F-  -0.26061976185D+01  -0.37558011250D+05

     2 F-  -0.15977716047D+01  -0.37558144117D+05

     3 F-  -0.10696871836D+01  -0.37558344146D+05

     4 F-  -0.76376969056D+00  -0.37558640367D+05

     5 F-  -0.56911303821D+00  -0.37559093769D+05

     6 F-  -0.44008305328D+00  -0.37559802516D+05

     7 F-  -0.35574043250D+00  -0.37560938459D+05

     8 F-  -0.27731420734D+00  -0.37562810979D+05

     9 F-  -0.20124612838D+00  -0.37566023533D+05

    10 F-   0.44811683964D+00  -0.37571932653D+05

    11 F-   0.32305110465D+01  -0.37583686674D+05

    12 F-   0.98542800669D+01  -0.37607392948D+05

    13 F-   0.24637874737D+02  -0.37653048329D+05

    14 F-   0.57562005108D+02  -0.37739251971D+05

    15 F-   0.13034920914D+03  -0.37901724420D+05

    16 F-   0.28825682208D+03  -0.38204413582D+05

    17 F-   0.62308998735D+03  -0.38764080639D+05

    18 F-   0.13109806815D+04  -0.39792002555D+05

    19 F-   0.26655263579D+04  -0.41650602206D+05

    20 F-   0.51926451906D+04  -0.44913661493D+05

    21 F-   0.96164916196D+04  -0.50403754690D+05

    22 F-   0.16884622965D+05  -0.59213251149D+05

    23 F-   0.28231375816D+05  -0.72844957445D+05

    24 F-   0.45598107183D+05  -0.93605045371D+05

    25 F-   0.72096767527D+05  -0.12769310355D+06

     1 F   -0.26045716504D+01  -0.37557937716D+05

     2 F   -0.15959750580D+01  -0.37558047624D+05

     3 F   -0.10686567221D+01  -0.37558205205D+05

     4 F   -0.76313563551D+00  -0.37558441856D+05

     5 F   -0.56865720588D+00  -0.37558807880D+05

     6 F   -0.43966020727D+00  -0.37559389859D+05

     7 F   -0.35549717637D+00  -0.37560342179D+05

     8 F   -0.27727152634D+00  -0.37561947677D+05

     9 F   -0.20124023009D+00  -0.37564737551D+05

    10 F    0.45188398463D+00  -0.37569755309D+05

    11 F    0.32378176355D+01  -0.37579267127D+05

    12 F    0.98684328079D+01  -0.37598365541D+05

    13 F    0.24678568212D+02  -0.37636796246D+05

    14 F    0.57670958722D+02  -0.37711307583D+05

    15 F    0.13065030343D+03  -0.37854395285D+05

    16 F    0.28912743418D+03  -0.38128888073D+05

    17 F    0.62557288609D+03  -0.38649040129D+05

    18 F    0.13181151862D+04  -0.39622309189D+05

    19 F    0.26847608208D+04  -0.41409252950D+05

    20 F    0.52388600719D+04  -0.44581846401D+05

    21 F    0.97161799808D+04  -0.49958316973D+05

    22 F    0.17079211760D+05  -0.58625078201D+05

    23 F    0.28592209057D+05  -0.72053273886D+05

    24 F    0.46186274837D+05  -0.92555752165D+05

    25 F    0.73450860236D+05  -0.12558573350D+06

     1 G-  -0.12861354365D+01  -0.37558296755D+05

     2 G-  -0.89452215490D+00  -0.37558600242D+05

     3 G-  -0.65608622330D+00  -0.37559071989D+05

     4 G-  -0.49552786161D+00  -0.37559823571D+05

     5 G-  -0.37389748681D+00  -0.37561063922D+05

     6 G-  -0.29777997453D+00  -0.37563178773D+05

     7 G-   0.66338056130D+00  -0.37566925514D+05

     8 G-   0.33147329315D+01  -0.37573982691D+05

     9 G-   0.91113501514D+01  -0.37588317738D+05

    10 G-   0.21340321598D+02  -0.37617868585D+05

    11 G-   0.47478473558D+02  -0.37676137924D+05

    12 G-   0.10415823004D+03  -0.37789195837D+05

    13 G-   0.22681747970D+03  -0.38008341783D+05

    14 G-   0.48898394840D+03  -0.38427959789D+05

    15 G-   0.10379416575D+04  -0.39223344661D+05

    16 G-   0.21487647320D+04  -0.40710112072D+05

    17 G-   0.42896801979D+04  -0.43412835799D+05

    18 G-   0.81678117708D+04  -0.48116934374D+05

    19 G-   0.14731249455D+05  -0.55884133035D+05

    20 G-   0.25189118265D+05  -0.68093990969D+05

    21 G-   0.41171714515D+05  -0.86657649352D+05

    22 G-   0.65239314884D+05  -0.11462619529D+06

    23 G-   0.10211867471D+06  -0.15929058080D+06

     1 G   -0.12861631027D+01  -0.37558170168D+05

     2 G   -0.89453629026D+00  -0.37558439944D+05

     3 G   -0.65621033709D+00  -0.37558861881D+05

     4 G   -0.49493612336D+00  -0.37559561080D+05

     5 G   -0.36796498327D+00  -0.37560767847D+05

     6 G   -0.25229560890D+00  -0.37562928017D+05

     7 G    0.10125379203D+01  -0.37566929178D+05

     8 G    0.43463556514D+01  -0.37574632438D+05

     9 G    0.11718240797D+02  -0.37590357538D+05

    10 G    0.27790688656D+02  -0.37623827725D+05

    11 G    0.63560707593D+02  -0.37693306102D+05

    12 G    0.14398178976D+03  -0.37833776651D+05

    13 G    0.32322498667D+03  -0.38117630515D+05

    14 G    0.71603740480D+03  -0.38684547770D+05

    15 G    0.15521411282D+04  -0.39796682601D+05

    16 G    0.32522864798D+04  -0.41923455651D+05

    17 G    0.65014230610D+04  -0.45818251471D+05

    18 G    0.12271858372D+05  -0.52549068957D+05

    19 G    0.21818425102D+05  -0.63511941689D+05

    20 G    0.36775315359D+05  -0.80554164284D+05

    21 G    0.59464642131D+05  -0.10633587826D+06

    22 G    0.93609235646D+05  -0.14520555286D+06

    23 G    0.14655866791D+06  -0.20685967087D+06
  THESE ARE THE ORTHOGONALITY OF THE   ORBITALS

  Sl. No.    <A|B>          <A|R|B>         <A|R*R|B>        <A|(1/R)|B>


   2   1    -.453510130D-11  0.000000000D+00  0.000000000D+00  0.000000000D+00
   2   2    0.100000000D+01  0.113977865D+00  0.153954716D-01  0.136200451D+02
   3   1    0.492759625D-11  0.000000000D+00  0.000000000D+00  0.000000000D+00
   3   2    0.122648051D-10  0.000000000D+00  0.000000000D+00  0.000000000D+00
   3   3    0.100000000D+01  0.304385667D+00  0.106290410D+00  0.489058472D+01
   4   1    -.291511761D-11  0.000000000D+00  0.000000000D+00  0.000000000D+00
   4   2    -.159055126D-10  0.000000000D+00  0.000000000D+00  0.000000000D+00
   4   3    0.629599619D-10  0.000000000D+00  0.000000000D+00  0.000000000D+00
   4   4    0.100000000D+01  0.716988094D+00  0.578410313D+00  0.195090992D+01
   5   1    0.137388339D-11  0.000000000D+00  0.000000000D+00  0.000000000D+00
   5   2    0.918977741D-11  0.000000000D+00  0.000000000D+00  0.000000000D+00
   5   3    -.417808409D-10  0.000000000D+00  0.000000000D+00  0.000000000D+00
   5   4    0.102437392D-09  0.000000000D+00  0.000000000D+00  0.000000000D+00
   5   5    0.100000000D+01  0.163621365D+01  0.298812062D+01  0.806217753D+00
   6   1    -.821317149D-12  0.000000000D+00  0.000000000D+00  0.000000000D+00
   6   2    -.655349234D-11  0.000000000D+00  0.000000000D+00  0.000000000D+00
   6   3    0.241836178D-10  0.000000000D+00  0.000000000D+00  0.000000000D+00
   6   4    -.540454782D-10  0.000000000D+00  0.000000000D+00  0.000000000D+00
   6   5    0.798087443D-09  0.000000000D+00  0.000000000D+00  0.000000000D+00
   6   6    0.100000000D+01  0.307678448D+01  0.106064481D+02  0.439998097D+00
   7   1    -.550614611D-12  0.000000000D+00  0.000000000D+00  0.000000000D+00
   7   2    -.477540934D-11  0.000000000D+00  0.000000000D+00  0.000000000D+00
   7   3    0.144727945D-10  0.000000000D+00  0.000000000D+00  0.000000000D+00
   7   4    -.242136762D-10  0.000000000D+00  0.000000000D+00  0.000000000D+00
   7   5    0.738821754D-09  0.000000000D+00  0.000000000D+00  0.000000000D+00
   7   6    -.277122838D-07  0.000000000D+00  0.000000000D+00  0.000000000D+00
   7   7    0.100000000D+01  0.536681057D+01  0.322516614D+02  0.258874475D+00
   8   1    -.394830778D-12  0.000000000D+00  0.000000000D+00  0.000000000D+00
   8   2    -.380987925D-11  0.000000000D+00  0.000000000D+00  0.000000000D+00
   8   3    0.840482133D-11  0.000000000D+00  0.000000000D+00  0.000000000D+00
   8   4    -.168584834D-10  0.000000000D+00  0.000000000D+00  0.000000000D+00
   8   5    0.271750832D-09  0.000000000D+00  0.000000000D+00  0.000000000D+00
   8   6    -.196762671D-07  0.000000000D+00  0.000000000D+00  0.000000000D+00
   8   7    -.192623379D-06  0.000000000D+00  0.000000000D+00  0.000000000D+00
   8   8    0.100000000D+01  0.925454552D+01  0.948419751D+02  0.155542829D+00
   9   1    0.377520823D-12  0.000000000D+00  0.000000000D+00  0.000000000D+00
   9   2    0.373570126D-11  0.000000000D+00  0.000000000D+00  0.000000000D+00
   9   3    -.698020938D-11  0.000000000D+00  0.000000000D+00  0.000000000D+00
   9   4    0.204087875D-10  0.000000000D+00  0.000000000D+00  0.000000000D+00
   9   5    0.645177731D-10  0.000000000D+00  0.000000000D+00  0.000000000D+00
   9   6    -.480942049D-08  0.000000000D+00  0.000000000D+00  0.000000000D+00
   9   7    -.611552908D-08  0.000000000D+00  0.000000000D+00  0.000000000D+00
   9   8    -.820148112D-06  0.000000000D+00  0.000000000D+00  0.000000000D+00
   9   9    0.100000000D+01  0.158356710D+02  0.276387137D+03  0.108508953D+00
  10   1    -.130504498D-11  0.000000000D+00  0.000000000D+00  0.000000000D+00
  10   2    -.133782825D-10  0.000000000D+00  0.000000000D+00  0.000000000D+00
  10   3    0.212175104D-10  0.000000000D+00  0.000000000D+00  0.000000000D+00
  10   4    -.799161362D-10  0.000000000D+00  0.000000000D+00  0.000000000D+00
  10   5    -.104233989D-09  0.000000000D+00  0.000000000D+00  0.000000000D+00
  10   6    -.216204077D-08  0.000000000D+00  0.000000000D+00  0.000000000D+00
  10   7    -.685926075D-07  0.000000000D+00  0.000000000D+00  0.000000000D+00
  10   8    -.879692074D-07  0.000000000D+00  0.000000000D+00  0.000000000D+00
  10   9    0.688706800D-10  0.000000000D+00  0.000000000D+00  0.000000000D+00
  10  10    0.100000000D+01  0.507209564D+01  0.590153603D+02  0.613403804D+00
  11   1    0.879979015D-11  0.000000000D+00  0.000000000D+00  0.000000000D+00
  11   2    0.983428096D-11  0.000000000D+00  0.000000000D+00  0.000000000D+00
  11   3    -.149269243D-09  0.000000000D+00  0.000000000D+00  0.000000000D+00
  11   4    -.350990903D-10  0.000000000D+00  0.000000000D+00  0.000000000D+00
  11   5    0.102563236D-09  0.000000000D+00  0.000000000D+00  0.000000000D+00
  11   6    0.157075637D-10  0.000000000D+00  0.000000000D+00  0.000000000D+00
  11   7    -.255664877D-10  0.000000000D+00  0.000000000D+00  0.000000000D+00
  11   8    0.168440956D-11  0.000000000D+00  0.000000000D+00  0.000000000D+00
  11   9    0.161477047D-10  0.000000000D+00  0.000000000D+00  0.000000000D+00
  11  10    -.194742139D-10  0.000000000D+00  0.000000000D+00  0.000000000D+00
  11  11    0.100000000D+01  0.723262247D+00  0.131455370D+01  0.317311259D+01
  12   1    -.138239333D-11  0.000000000D+00  0.000000000D+00  0.000000000D+00
  12   2    0.122229164D-09  0.000000000D+00  0.000000000D+00  0.000000000D+00
  12   3    0.114993015D-10  0.000000000D+00  0.000000000D+00  0.000000000D+00
  12   4    -.977178581D-10  0.000000000D+00  0.000000000D+00  0.000000000D+00
  12   5    -.232188227D-11  0.000000000D+00  0.000000000D+00  0.000000000D+00
  12   6    -.169854273D-10  0.000000000D+00  0.000000000D+00  0.000000000D+00
  12   7    -.192474118D-11  0.000000000D+00  0.000000000D+00  0.000000000D+00
  12   8    -.722941845D-11  0.000000000D+00  0.000000000D+00  0.000000000D+00
  12   9    0.185483334D-11  0.000000000D+00  0.000000000D+00  0.000000000D+00
  12  10    -.173999547D-10  0.000000000D+00  0.000000000D+00  0.000000000D+00
  12  11    0.542281775D-10  0.000000000D+00  0.000000000D+00  0.000000000D+00
  12  12    0.100000000D+01  0.230978767D+00  0.155111228D+00  0.106893661D+02
  13   1    -.276292010D-10  0.000000000D+00  0.000000000D+00  0.000000000D+00
  13   2    0.941543093D-10  0.000000000D+00  0.000000000D+00  0.000000000D+00
  13   3    -.120345036D-09  0.000000000D+00  0.000000000D+00  0.000000000D+00
  13   4    0.100758568D-10  0.000000000D+00  0.000000000D+00  0.000000000D+00
  13   5    -.184359830D-10  0.000000000D+00  0.000000000D+00  0.000000000D+00
  13   6    0.431684484D-11  0.000000000D+00  0.000000000D+00  0.000000000D+00
  13   7    0.648470947D-11  0.000000000D+00  0.000000000D+00  0.000000000D+00
  13   8    0.258163478D-11  0.000000000D+00  0.000000000D+00  0.000000000D+00
  13   9    -.435449506D-11  0.000000000D+00  0.000000000D+00  0.000000000D+00
  13  10    0.110595144D-10  0.000000000D+00  0.000000000D+00  0.000000000D+00
  13  11    -.432917174D-10  0.000000000D+00  0.000000000D+00  0.000000000D+00
  13  12    -.799610100D-10  0.000000000D+00  0.000000000D+00  0.000000000D+00
  13  13    0.100000000D+01  0.937155871D-01  0.277240859D-01  0.265903404D+02
  34  34    0.100000000D+01  0.962898448D-01  0.114135542D-01  0.135556320D+02
  35  34    -.152537741D-09  0.000000000D+00  0.000000000D+00  0.000000000D+00
  35  35    0.100000000D+01  0.295140625D+00  0.101225138D+00  0.478575841D+01
  36  34    -.100759919D-09  0.000000000D+00  0.000000000D+00  0.000000000D+00
  36  35    0.115910708D-09  0.000000000D+00  0.000000000D+00  0.000000000D+00
  36  36    0.100000000D+01  0.742999973D+00  0.626329546D+00  0.184973267D+01
  37  34    0.441177022D-10  0.000000000D+00  0.000000000D+00  0.000000000D+00
  37  35    -.484432260D-10  0.000000000D+00  0.000000000D+00  0.000000000D+00
  37  36    -.663646369D-10  0.000000000D+00  0.000000000D+00  0.000000000D+00
  37  37    0.100000000D+01  0.177374427D+01  0.350112855D+01  0.732868585D+00
  38  34    -.284018569D-10  0.000000000D+00  0.000000000D+00  0.000000000D+00
  38  35    0.269271573D-10  0.000000000D+00  0.000000000D+00  0.000000000D+00
  38  36    0.227658576D-09  0.000000000D+00  0.000000000D+00  0.000000000D+00
  38  37    0.235311940D-09  0.000000000D+00  0.000000000D+00  0.000000000D+00
  38  38    0.100000000D+01  0.321133514D+01  0.115490868D+02  0.420141055D+00
  39  34    0.203345677D-10  0.000000000D+00  0.000000000D+00  0.000000000D+00
  39  35    -.145633542D-10  0.000000000D+00  0.000000000D+00  0.000000000D+00
  39  36    -.274171328D-09  0.000000000D+00  0.000000000D+00  0.000000000D+00
  39  37    -.147288015D-10  0.000000000D+00  0.000000000D+00  0.000000000D+00
  39  38    -.468993282D-09  0.000000000D+00  0.000000000D+00  0.000000000D+00
  39  39    0.100000000D+01  0.517986046D+01  0.303673673D+02  0.274328315D+00
  40  34    -.168793030D-10  0.000000000D+00  0.000000000D+00  0.000000000D+00
  40  35    0.237627713D-11  0.000000000D+00  0.000000000D+00  0.000000000D+00
  40  36    0.289751818D-09  0.000000000D+00  0.000000000D+00  0.000000000D+00
  40  37    0.326818954D-10  0.000000000D+00  0.000000000D+00  0.000000000D+00
  40  38    -.152018356D-08  0.000000000D+00  0.000000000D+00  0.000000000D+00
  40  39    0.100593254D-07  0.000000000D+00  0.000000000D+00  0.000000000D+00
  40  40    0.100000000D+01  0.776433380D+01  0.704500470D+02  0.207911521D+00
  41  34    0.201536086D-10  0.000000000D+00  0.000000000D+00  0.000000000D+00
  41  35    0.698324276D-11  0.000000000D+00  0.000000000D+00  0.000000000D+00
  41  36    -.373505278D-09  0.000000000D+00  0.000000000D+00  0.000000000D+00
  41  37    -.302816446D-09  0.000000000D+00  0.000000000D+00  0.000000000D+00
  41  38    0.507580228D-09  0.000000000D+00  0.000000000D+00  0.000000000D+00
  41  39    0.665612063D-08  0.000000000D+00  0.000000000D+00  0.000000000D+00
  41  40    -.524384045D-07  0.000000000D+00  0.000000000D+00  0.000000000D+00
  41  41    0.100000002D+01  0.856618764D+01  0.974356647D+02  0.244829156D+00
  42  34    0.128978795D-10  0.000000000D+00  0.000000000D+00  0.000000000D+00
  42  35    0.598809869D-11  0.000000000D+00  0.000000000D+00  0.000000000D+00
  42  36    -.234144188D-09  0.000000000D+00  0.000000000D+00  0.000000000D+00
  42  37    -.293323119D-09  0.000000000D+00  0.000000000D+00  0.000000000D+00
  42  38    0.723039892D-09  0.000000000D+00  0.000000000D+00  0.000000000D+00
  42  39    -.675506285D-08  0.000000000D+00  0.000000000D+00  0.000000000D+00
  42  40    0.434650799D-07  0.000000000D+00  0.000000000D+00  0.000000000D+00
  42  41    -.174164408D-06  0.000000000D+00  0.000000000D+00  0.000000000D+00
  42  42    0.999999995D+00  0.139227483D+02  0.226594400D+03  0.133889710D+00
  43  34    0.107215665D-09  0.000000000D+00  0.000000000D+00  0.000000000D+00
  43  35    0.689392103D-09  0.000000000D+00  0.000000000D+00  0.000000000D+00
  43  36    0.831338526D-09  0.000000000D+00  0.000000000D+00  0.000000000D+00
  43  37    0.789845911D-09  0.000000000D+00  0.000000000D+00  0.000000000D+00
  43  38    -.115635984D-08  0.000000000D+00  0.000000000D+00  0.000000000D+00
  43  39    -.170664933D-08  0.000000000D+00  0.000000000D+00  0.000000000D+00
  43  40    0.726226793D-08  0.000000000D+00  0.000000000D+00  0.000000000D+00
  43  41    -.133946980D-07  0.000000000D+00  0.000000000D+00  0.000000000D+00
  43  42    -.850849181D-08  0.000000000D+00  0.000000000D+00  0.000000000D+00
  43  43    0.999999995D+00  0.146414598D+01  0.423228191D+01  0.134968771D+01
  44  34    -.313257710D-10  0.000000000D+00  0.000000000D+00  0.000000000D+00
  44  35    -.610619647D-09  0.000000000D+00  0.000000000D+00  0.000000000D+00
  44  36    -.123183976D-08  0.000000000D+00  0.000000000D+00  0.000000000D+00
  44  37    -.430237027D-10  0.000000000D+00  0.000000000D+00  0.000000000D+00
  44  38    0.525739770D-09  0.000000000D+00  0.000000000D+00  0.000000000D+00
  44  39    0.330543624D-09  0.000000000D+00  0.000000000D+00  0.000000000D+00
  44  40    -.222829724D-08  0.000000000D+00  0.000000000D+00  0.000000000D+00
  44  41    0.434851502D-08  0.000000000D+00  0.000000000D+00  0.000000000D+00
  44  42    0.282420142D-08  0.000000000D+00  0.000000000D+00  0.000000000D+00
  44  43    0.162423470D-07  0.000000000D+00  0.000000000D+00  0.000000000D+00
  44  44    0.999999980D+00  0.616138945D+00  0.798446833D+00  0.332343378D+01
  45  34    -.119958141D-10  0.000000000D+00  0.000000000D+00  0.000000000D+00
  45  35    -.111115769D-08  0.000000000D+00  0.000000000D+00  0.000000000D+00
  45  36    -.134259699D-08  0.000000000D+00  0.000000000D+00  0.000000000D+00
  45  37    0.384656785D-09  0.000000000D+00  0.000000000D+00  0.000000000D+00
  45  38    -.313230839D-10  0.000000000D+00  0.000000000D+00  0.000000000D+00
  45  39    0.284829023D-09  0.000000000D+00  0.000000000D+00  0.000000000D+00
  45  40    -.999229938D-09  0.000000000D+00  0.000000000D+00  0.000000000D+00
  45  41    0.185371312D-08  0.000000000D+00  0.000000000D+00  0.000000000D+00
  45  42    0.120012506D-08  0.000000000D+00  0.000000000D+00  0.000000000D+00
  45  43    0.890853348D-08  0.000000000D+00  0.000000000D+00  0.000000000D+00
  45  44    -.399728096D-08  0.000000000D+00  0.000000000D+00  0.000000000D+00
  45  45    0.100000001D+01  0.279438335D+00  0.177897920D+00  0.731695954D+01
  64  64    0.100000000D+01  0.102023747D+00  0.126846178D-01  0.124682920D+02
  65  64    -.158165261D-09  0.000000000D+00  0.000000000D+00  0.000000000D+00
  65  65    0.100000000D+01  0.306423513D+00  0.108915383D+00  0.452093192D+01
  66  64    -.108633020D-09  0.000000000D+00  0.000000000D+00  0.000000000D+00
  66  65    0.124747818D-09  0.000000000D+00  0.000000000D+00  0.000000000D+00
  66  66    0.100000000D+01  0.767272001D+00  0.667513395D+00  0.177171536D+01
  67  64    0.481151948D-10  0.000000000D+00  0.000000000D+00  0.000000000D+00
  67  65    -.599689359D-10  0.000000000D+00  0.000000000D+00  0.000000000D+00
  67  66    -.498579754D-10  0.000000000D+00  0.000000000D+00  0.000000000D+00
  67  67    0.100000000D+01  0.182176359D+01  0.368955751D+01  0.708783689D+00
  68  64    0.312951195D-10  0.000000000D+00  0.000000000D+00  0.000000000D+00
  68  65    -.363643606D-10  0.000000000D+00  0.000000000D+00  0.000000000D+00
  68  66    -.214691796D-09  0.000000000D+00  0.000000000D+00  0.000000000D+00
  68  67    -.226067436D-09  0.000000000D+00  0.000000000D+00  0.000000000D+00
  68  68    0.100000000D+01  0.327713013D+01  0.120153012D+02  0.409873293D+00
  69  64    -.224303642D-10  0.000000000D+00  0.000000000D+00  0.000000000D+00
  69  65    0.224979838D-10  0.000000000D+00  0.000000000D+00  0.000000000D+00
  69  66    0.260088342D-09  0.000000000D+00  0.000000000D+00  0.000000000D+00
  69  67    0.264490140D-10  0.000000000D+00  0.000000000D+00  0.000000000D+00
  69  68    -.491177987D-09  0.000000000D+00  0.000000000D+00  0.000000000D+00
  69  69    0.100000000D+01  0.529630846D+01  0.316225395D+02  0.266152344D+00
  70  64    -.183532796D-10  0.000000000D+00  0.000000000D+00  0.000000000D+00
  70  65    0.100074030D-10  0.000000000D+00  0.000000000D+00  0.000000000D+00
  70  66    0.262017153D-09  0.000000000D+00  0.000000000D+00  0.000000000D+00
  70  67    0.757268276D-10  0.000000000D+00  0.000000000D+00  0.000000000D+00
  70  68    0.753081108D-09  0.000000000D+00  0.000000000D+00  0.000000000D+00
  70  69    0.583382590D-08  0.000000000D+00  0.000000000D+00  0.000000000D+00
  70  70    0.100000000D+01  0.811771823D+01  0.759514030D+02  0.194331466D+00
  71  64    -.232992288D-10  0.000000000D+00  0.000000000D+00  0.000000000D+00
  71  65    0.283022108D-11  0.000000000D+00  0.000000000D+00  0.000000000D+00
  71  66    0.351332754D-09  0.000000000D+00  0.000000000D+00  0.000000000D+00
  71  67    0.494029859D-09  0.000000000D+00  0.000000000D+00  0.000000000D+00
  71  68    0.114165247D-08  0.000000000D+00  0.000000000D+00  0.000000000D+00
  71  69    0.474235130D-08  0.000000000D+00  0.000000000D+00  0.000000000D+00
  71  70    0.288156852D-07  0.000000000D+00  0.000000000D+00  0.000000000D+00
  71  71    0.100000002D+01  0.939328772D+01  0.118036485D+03  0.236289550D+00
  72  64    0.193987516D-10  0.000000000D+00  0.000000000D+00  0.000000000D+00
  72  65    -.380438411D-12  0.000000000D+00  0.000000000D+00  0.000000000D+00
  72  66    -.285754244D-09  0.000000000D+00  0.000000000D+00  0.000000000D+00
  72  67    -.531590699D-09  0.000000000D+00  0.000000000D+00  0.000000000D+00
  72  68    0.402506944D-09  0.000000000D+00  0.000000000D+00  0.000000000D+00
  72  69    -.149223705D-07  0.000000000D+00  0.000000000D+00  0.000000000D+00
  72  70    -.715073340D-07  0.000000000D+00  0.000000000D+00  0.000000000D+00
  72  71    0.113697507D-06  0.000000000D+00  0.000000000D+00  0.000000000D+00
  72  72    0.100000000D+01  0.125546723D+02  0.198878428D+03  0.178339850D+00
  73  64    0.130736971D-09  0.000000000D+00  0.000000000D+00  0.000000000D+00
  73  65    0.745455672D-09  0.000000000D+00  0.000000000D+00  0.000000000D+00
  73  66    0.719634893D-09  0.000000000D+00  0.000000000D+00  0.000000000D+00
  73  67    0.109827894D-08  0.000000000D+00  0.000000000D+00  0.000000000D+00
  73  68    0.175561553D-08  0.000000000D+00  0.000000000D+00  0.000000000D+00
  73  69    0.669653282D-09  0.000000000D+00  0.000000000D+00  0.000000000D+00
  73  70    0.565957640D-08  0.000000000D+00  0.000000000D+00  0.000000000D+00
  73  71    0.120267342D-07  0.000000000D+00  0.000000000D+00  0.000000000D+00
  73  72    -.101590494D-07  0.000000000D+00  0.000000000D+00  0.000000000D+00
  73  73    0.999999993D+00  0.141427547D+01  0.394749570D+01  0.137829851D+01
  74  64    -.516087316D-10  0.000000000D+00  0.000000000D+00  0.000000000D+00
  74  65    -.667727925D-09  0.000000000D+00  0.000000000D+00  0.000000000D+00
  74  66    -.108336068D-08  0.000000000D+00  0.000000000D+00  0.000000000D+00
  74  67    -.259269738D-09  0.000000000D+00  0.000000000D+00  0.000000000D+00
  74  68    -.823673117D-09  0.000000000D+00  0.000000000D+00  0.000000000D+00
  74  69    0.115040175D-09  0.000000000D+00  0.000000000D+00  0.000000000D+00
  74  70    -.157860220D-08  0.000000000D+00  0.000000000D+00  0.000000000D+00
  74  71    -.369075120D-08  0.000000000D+00  0.000000000D+00  0.000000000D+00
  74  72    0.317390026D-08  0.000000000D+00  0.000000000D+00  0.000000000D+00
  74  73    0.169090152D-07  0.000000000D+00  0.000000000D+00  0.000000000D+00
  74  74    0.999999982D+00  0.597112778D+00  0.751052581D+00  0.334981498D+01
  75  64    -.754977886D-10  0.000000000D+00  0.000000000D+00  0.000000000D+00
  75  65    -.114563661D-08  0.000000000D+00  0.000000000D+00  0.000000000D+00
  75  66    -.122496777D-08  0.000000000D+00  0.000000000D+00  0.000000000D+00
  75  67    0.260950568D-09  0.000000000D+00  0.000000000D+00  0.000000000D+00
  75  68    -.108589546D-09  0.000000000D+00  0.000000000D+00  0.000000000D+00
  75  69    -.949141304D-10  0.000000000D+00  0.000000000D+00  0.000000000D+00
  75  70    -.731266891D-09  0.000000000D+00  0.000000000D+00  0.000000000D+00
  75  71    -.158881266D-08  0.000000000D+00  0.000000000D+00  0.000000000D+00
  75  72    0.135909676D-08  0.000000000D+00  0.000000000D+00  0.000000000D+00
  75  73    0.898818466D-08  0.000000000D+00  0.000000000D+00  0.000000000D+00
  75  74    -.275076146D-08  0.000000000D+00  0.000000000D+00  0.000000000D+00
  75  75    0.100000001D+01  0.272026647D+00  0.168232760D+00  0.720551555D+01
  94  94    0.100000000D+01  0.277658553D+00  0.911001394D-01  0.436425549D+01
  95  94    -.386492329D-09  0.000000000D+00  0.000000000D+00  0.000000000D+00
  95  95    0.999999999D+00  0.845544979D+00  0.824710069D+00  0.155208875D+01
  96  94    0.162551863D-09  0.000000000D+00  0.000000000D+00  0.000000000D+00
  96  95    0.275095990D-09  0.000000000D+00  0.000000000D+00  0.000000000D+00
  96  96    0.100000000D+01  0.217720886D+01  0.526957045D+01  0.584953440D+00
  97  94    -.116884688D-09  0.000000000D+00  0.000000000D+00  0.000000000D+00
  97  95    -.206789619D-09  0.000000000D+00  0.000000000D+00  0.000000000D+00
  97  96    -.345558460D-09  0.000000000D+00  0.000000000D+00  0.000000000D+00
  97  97    0.100000000D+01  0.377269563D+01  0.159227455D+02  0.355930292D+00
  98  94    0.905790210D-10  0.000000000D+00  0.000000000D+00  0.000000000D+00
  98  95    0.193633376D-09  0.000000000D+00  0.000000000D+00  0.000000000D+00
  98  96    -.956721382D-09  0.000000000D+00  0.000000000D+00  0.000000000D+00
  98  97    -.701648085D-08  0.000000000D+00  0.000000000D+00  0.000000000D+00
  98  98    0.100000001D+01  0.576426268D+01  0.371171060D+02  0.239704159D+00
  99  94    0.739464837D-10  0.000000000D+00  0.000000000D+00  0.000000000D+00
  99  95    0.221472887D-09  0.000000000D+00  0.000000000D+00  0.000000000D+00
  99  96    -.160731915D-08  0.000000000D+00  0.000000000D+00  0.000000000D+00
  99  97    -.909825584D-08  0.000000000D+00  0.000000000D+00  0.000000000D+00
  99  98    0.194152493D-07  0.000000000D+00  0.000000000D+00  0.000000000D+00
  99  99    0.100000002D+01  0.834869152D+01  0.772235235D+02  0.167228143D+00
 100  94    -.594313284D-10  0.000000000D+00  0.000000000D+00  0.000000000D+00
 100  95    -.241252850D-09  0.000000000D+00  0.000000000D+00  0.000000000D+00
 100  96    0.174407865D-08  0.000000000D+00  0.000000000D+00  0.000000000D+00
 100  97    0.625490354D-08  0.000000000D+00  0.000000000D+00  0.000000000D+00
 100  98    -.220678313D-07  0.000000000D+00  0.000000000D+00  0.000000000D+00
 100  99    -.841286130D-08  0.000000000D+00  0.000000000D+00  0.000000000D+00
 100 100    0.999999983D+00  0.122425792D+02  0.163402864D+03  0.112852603D+00
 101  94    0.483700515D-10  0.000000000D+00  0.000000000D+00  0.000000000D+00
 101  95    0.240089533D-09  0.000000000D+00  0.000000000D+00  0.000000000D+00
 101  96    -.180601106D-08  0.000000000D+00  0.000000000D+00  0.000000000D+00
 101  97    -.453781183D-09  0.000000000D+00  0.000000000D+00  0.000000000D+00
 101  98    0.890289063D-08  0.000000000D+00  0.000000000D+00  0.000000000D+00
 101  99    -.675907580D-08  0.000000000D+00  0.000000000D+00  0.000000000D+00
 101 100    0.325922065D-07  0.000000000D+00  0.000000000D+00  0.000000000D+00
 101 101    0.999999963D+00  0.185814079D+02  0.371139573D+03  0.750069501D-01
 102  94    -.178692635D-09  0.000000000D+00  0.000000000D+00  0.000000000D+00
 102  95    -.984247530D-09  0.000000000D+00  0.000000000D+00  0.000000000D+00
 102  96    0.835204342D-08  0.000000000D+00  0.000000000D+00  0.000000000D+00
 102  97    -.283966947D-07  0.000000000D+00  0.000000000D+00  0.000000000D+00
 102  98    0.528238333D-07  0.000000000D+00  0.000000000D+00  0.000000000D+00
 102  99    0.698740483D-07  0.000000000D+00  0.000000000D+00  0.000000000D+00
 102 100    -.554546775D-07  0.000000000D+00  0.000000000D+00  0.000000000D+00
 102 101    0.813699014D-08  0.000000000D+00  0.000000000D+00  0.000000000D+00
 102 102    0.100000008D+01  0.668165083D+01  0.791568001D+02  0.337008088D+00
 103  94    -.933670069D-10  0.000000000D+00  0.000000000D+00  0.000000000D+00
 103  95    0.691659947D-08  0.000000000D+00  0.000000000D+00  0.000000000D+00
 103  96    -.731311092D-08  0.000000000D+00  0.000000000D+00  0.000000000D+00
 103  97    0.575691994D-08  0.000000000D+00  0.000000000D+00  0.000000000D+00
 103  98    -.109274783D-07  0.000000000D+00  0.000000000D+00  0.000000000D+00
 103  99    -.307912242D-07  0.000000000D+00  0.000000000D+00  0.000000000D+00
 103 100    0.413616403D-07  0.000000000D+00  0.000000000D+00  0.000000000D+00
 103 101    -.284539835D-07  0.000000000D+00  0.000000000D+00  0.000000000D+00
 103 102    0.611938586D-07  0.000000000D+00  0.000000000D+00  0.000000000D+00
 103 103    0.999999903D+00  0.213829614D+01  0.818997723D+01  0.860712028D+00
 104  94    -.185041332D-08  0.000000000D+00  0.000000000D+00  0.000000000D+00
 104  95    -.260968719D-08  0.000000000D+00  0.000000000D+00  0.000000000D+00
 104  96    -.115524256D-08  0.000000000D+00  0.000000000D+00  0.000000000D+00
 104  97    0.563727785D-08  0.000000000D+00  0.000000000D+00  0.000000000D+00
 104  98    -.367921722D-08  0.000000000D+00  0.000000000D+00  0.000000000D+00
 104  99    0.789693191D-08  0.000000000D+00  0.000000000D+00  0.000000000D+00
 104 100    -.160083110D-07  0.000000000D+00  0.000000000D+00  0.000000000D+00
 104 101    0.125762978D-07  0.000000000D+00  0.000000000D+00  0.000000000D+00
 104 102    -.335690363D-07  0.000000000D+00  0.000000000D+00  0.000000000D+00
 104 103    -.973785919D-08  0.000000000D+00  0.000000000D+00  0.000000000D+00
 104 104    0.100000011D+01  0.116761470D+01  0.246531587D+01  0.153810083D+01
 122 122    0.100000000D+01  0.281242088D+00  0.933243113D-01  0.429598930D+01
 123 122    -.376499927D-09  0.000000000D+00  0.000000000D+00  0.000000000D+00
 123 123    0.999999999D+00  0.855043715D+00  0.842992628D+00  0.153109065D+01
 124 122    0.160418581D-09  0.000000000D+00  0.000000000D+00  0.000000000D+00
 124 123    0.307551590D-09  0.000000000D+00  0.000000000D+00  0.000000000D+00
 124 124    0.100000000D+01  0.219074029D+01  0.533503179D+01  0.581230115D+00
 125 122    -.115791342D-09  0.000000000D+00  0.000000000D+00  0.000000000D+00
 125 123    -.229919483D-09  0.000000000D+00  0.000000000D+00  0.000000000D+00
 125 124    -.383669617D-09  0.000000000D+00  0.000000000D+00  0.000000000D+00
 125 125    0.100000000D+01  0.378943302D+01  0.160632903D+02  0.354232886D+00
 126 122    0.899875254D-10  0.000000000D+00  0.000000000D+00  0.000000000D+00
 126 123    0.210606282D-09  0.000000000D+00  0.000000000D+00  0.000000000D+00
 126 124    -.933701496D-09  0.000000000D+00  0.000000000D+00  0.000000000D+00
 126 125    -.708260157D-08  0.000000000D+00  0.000000000D+00  0.000000000D+00
 126 126    0.100000001D+01  0.578357471D+01  0.373630531D+02  0.238783618D+00
 127 122    0.736371886D-10  0.000000000D+00  0.000000000D+00  0.000000000D+00
 127 123    0.232065068D-09  0.000000000D+00  0.000000000D+00  0.000000000D+00
 127 124    -.158513363D-08  0.000000000D+00  0.000000000D+00  0.000000000D+00
 127 125    -.931849412D-08  0.000000000D+00  0.000000000D+00  0.000000000D+00
 127 126    0.200592662D-07  0.000000000D+00  0.000000000D+00  0.000000000D+00
 127 127    0.100000002D+01  0.836837519D+01  0.775674780D+02  0.166643066D+00
 128 122    -.591186984D-10  0.000000000D+00  0.000000000D+00  0.000000000D+00
 128 123    -.245296151D-09  0.000000000D+00  0.000000000D+00  0.000000000D+00
 128 124    0.165829110D-08  0.000000000D+00  0.000000000D+00  0.000000000D+00
 128 125    0.715942237D-08  0.000000000D+00  0.000000000D+00  0.000000000D+00
 128 126    -.237120350D-07  0.000000000D+00  0.000000000D+00  0.000000000D+00
 128 127    -.104916425D-07  0.000000000D+00  0.000000000D+00  0.000000000D+00
 128 128    0.999999985D+00  0.122705341D+02  0.163998757D+03  0.112153166D+00
 129 122    0.474196728D-10  0.000000000D+00  0.000000000D+00  0.000000000D+00
 129 123    0.237569157D-09  0.000000000D+00  0.000000000D+00  0.000000000D+00
 129 124    -.170515035D-08  0.000000000D+00  0.000000000D+00  0.000000000D+00
 129 125    -.936691648D-09  0.000000000D+00  0.000000000D+00  0.000000000D+00
 129 126    0.100550787D-07  0.000000000D+00  0.000000000D+00  0.000000000D+00
 129 127    -.510079846D-08  0.000000000D+00  0.000000000D+00  0.000000000D+00
 129 128    0.312782524D-07  0.000000000D+00  0.000000000D+00  0.000000000D+00
 129 129    0.999999962D+00  0.186601739D+02  0.373361134D+03  0.736657643D-01
 130 122    -.183600626D-09  0.000000000D+00  0.000000000D+00  0.000000000D+00
 130 123    -.101781757D-08  0.000000000D+00  0.000000000D+00  0.000000000D+00
 130 124    0.823851201D-08  0.000000000D+00  0.000000000D+00  0.000000000D+00
 130 125    -.279904510D-07  0.000000000D+00  0.000000000D+00  0.000000000D+00
 130 126    0.524353861D-07  0.000000000D+00  0.000000000D+00  0.000000000D+00
 130 127    0.706946452D-07  0.000000000D+00  0.000000000D+00  0.000000000D+00
 130 128    -.598250015D-07  0.000000000D+00  0.000000000D+00  0.000000000D+00
 130 129    0.108998525D-07  0.000000000D+00  0.000000000D+00  0.000000000D+00
 130 130    0.100000008D+01  0.652139321D+01  0.756780657D+02  0.342712578D+00
 131 122    -.665372942D-10  0.000000000D+00  0.000000000D+00  0.000000000D+00
 131 123    0.700279278D-08  0.000000000D+00  0.000000000D+00  0.000000000D+00
 131 124    -.717442800D-08  0.000000000D+00  0.000000000D+00  0.000000000D+00
 131 125    0.535063705D-08  0.000000000D+00  0.000000000D+00  0.000000000D+00
 131 126    -.102249516D-07  0.000000000D+00  0.000000000D+00  0.000000000D+00
 131 127    -.300240062D-07  0.000000000D+00  0.000000000D+00  0.000000000D+00
 131 128    0.408943523D-07  0.000000000D+00  0.000000000D+00  0.000000000D+00
 131 129    -.280802590D-07  0.000000000D+00  0.000000000D+00  0.000000000D+00
 131 130    0.633030406D-07  0.000000000D+00  0.000000000D+00  0.000000000D+00
 131 131    0.999999904D+00  0.212422295D+01  0.807959851D+01  0.864177910D+00
 132 122    -.195014401D-08  0.000000000D+00  0.000000000D+00  0.000000000D+00
 132 123    -.271697725D-08  0.000000000D+00  0.000000000D+00  0.000000000D+00
 132 124    -.119356048D-08  0.000000000D+00  0.000000000D+00  0.000000000D+00
 132 125    0.582905350D-08  0.000000000D+00  0.000000000D+00  0.000000000D+00
 132 126    -.409912873D-08  0.000000000D+00  0.000000000D+00  0.000000000D+00
 132 127    0.733643391D-08  0.000000000D+00  0.000000000D+00  0.000000000D+00
 132 128    -.155203953D-07  0.000000000D+00  0.000000000D+00  0.000000000D+00
 132 129    0.121244861D-07  0.000000000D+00  0.000000000D+00  0.000000000D+00
 132 130    -.336283385D-07  0.000000000D+00  0.000000000D+00  0.000000000D+00
 132 131    -.117225141D-07  0.000000000D+00  0.000000000D+00  0.000000000D+00
 132 132    0.100000011D+01  0.116141136D+01  0.243777561D+01  0.153996979D+01
 150 150    0.999999999D+00  0.131326743D+01  0.209238876D+01  0.960999697D+00
 151 150    0.272683105D-08  0.000000000D+00  0.000000000D+00  0.000000000D+00
 151 151    0.100000000D+01  0.294578355D+01  0.100447469D+02  0.480529354D+00
 152 150    0.370685815D-08  0.000000000D+00  0.000000000D+00  0.000000000D+00
 152 151    0.779549136D-08  0.000000000D+00  0.000000000D+00  0.000000000D+00
 152 152    0.999999992D+00  0.483306846D+01  0.267375315D+02  0.304351879D+00
 153 150    -.433940373D-08  0.000000000D+00  0.000000000D+00  0.000000000D+00
 153 151    -.593400436D-08  0.000000000D+00  0.000000000D+00  0.000000000D+00
 153 152    0.101049553D-07  0.000000000D+00  0.000000000D+00  0.000000000D+00
 153 153    0.999999984D+00  0.712487990D+01  0.579211745D+02  0.212427537D+00
 154 150    0.505187066D-08  0.000000000D+00  0.000000000D+00  0.000000000D+00
 154 151    -.159196788D-08  0.000000000D+00  0.000000000D+00  0.000000000D+00
 154 152    0.723092599D-08  0.000000000D+00  0.000000000D+00  0.000000000D+00
 154 153    0.123233654D-08  0.000000000D+00  0.000000000D+00  0.000000000D+00
 154 154    0.100000006D+01  0.981396669D+01  0.111211178D+03  0.162502433D+00
 155 150    0.584501610D-08  0.000000000D+00  0.000000000D+00  0.000000000D+00
 155 151    -.110718493D-07  0.000000000D+00  0.000000000D+00  0.000000000D+00
 155 152    0.360694207D-07  0.000000000D+00  0.000000000D+00  0.000000000D+00
 155 153    -.557338332D-07  0.000000000D+00  0.000000000D+00  0.000000000D+00
 155 154    0.933395779D-07  0.000000000D+00  0.000000000D+00  0.000000000D+00
 155 155    0.100000006D+01  0.120875992D+02  0.174742477D+03  0.144799102D+00
 156 150    0.461365999D-08  0.000000000D+00  0.000000000D+00  0.000000000D+00
 156 151    -.131567492D-07  0.000000000D+00  0.000000000D+00  0.000000000D+00
 156 152    0.491610696D-07  0.000000000D+00  0.000000000D+00  0.000000000D+00
 156 153    -.103131506D-06  0.000000000D+00  0.000000000D+00  0.000000000D+00
 156 154    0.371420888D-07  0.000000000D+00  0.000000000D+00  0.000000000D+00
 156 155    -.532103306D-07  0.000000000D+00  0.000000000D+00  0.000000000D+00
 156 156    0.999999904D+00  0.159961289D+02  0.292610268D+03  0.102519096D+00
 157 150    -.182938817D-08  0.000000000D+00  0.000000000D+00  0.000000000D+00
 157 151    0.671422030D-08  0.000000000D+00  0.000000000D+00  0.000000000D+00
 157 152    -.274621047D-07  0.000000000D+00  0.000000000D+00  0.000000000D+00
 157 153    0.658136997D-07  0.000000000D+00  0.000000000D+00  0.000000000D+00
 157 154    0.237239679D-07  0.000000000D+00  0.000000000D+00  0.000000000D+00
 157 155    0.782336335D-07  0.000000000D+00  0.000000000D+00  0.000000000D+00
 157 156    -.164224573D-08  0.000000000D+00  0.000000000D+00  0.000000000D+00
 157 157    0.100000006D+01  0.253430700D+02  0.678142838D+03  0.485523102D-01
 158 150    -.585274810D-09  0.000000000D+00  0.000000000D+00  0.000000000D+00
 158 151    0.266310369D-08  0.000000000D+00  0.000000000D+00  0.000000000D+00
 158 152    -.106256075D-07  0.000000000D+00  0.000000000D+00  0.000000000D+00
 158 153    0.256846426D-07  0.000000000D+00  0.000000000D+00  0.000000000D+00
 158 154    0.292038165D-07  0.000000000D+00  0.000000000D+00  0.000000000D+00
 158 155    0.449408000D-07  0.000000000D+00  0.000000000D+00  0.000000000D+00
 158 156    -.581493539D-07  0.000000000D+00  0.000000000D+00  0.000000000D+00
 158 157    0.540375869D-07  0.000000000D+00  0.000000000D+00  0.000000000D+00
 158 158    0.100000002D+01  0.380899675D+02  0.149525854D+04  0.282804824D-01
 159 150    -.171917929D-07  0.000000000D+00  0.000000000D+00  0.000000000D+00
 159 151    -.253728422D-08  0.000000000D+00  0.000000000D+00  0.000000000D+00
 159 152    -.274997620D-07  0.000000000D+00  0.000000000D+00  0.000000000D+00
 159 153    0.388582189D-07  0.000000000D+00  0.000000000D+00  0.000000000D+00
 159 154    -.660709024D-07  0.000000000D+00  0.000000000D+00  0.000000000D+00
 159 155    -.845234707D-07  0.000000000D+00  0.000000000D+00  0.000000000D+00
 159 156    -.456973504D-07  0.000000000D+00  0.000000000D+00  0.000000000D+00
 159 157    0.171027113D-07  0.000000000D+00  0.000000000D+00  0.000000000D+00
 159 158    0.156450090D-07  0.000000000D+00  0.000000000D+00  0.000000000D+00
 159 159    0.999999982D+00  0.338151215D+01  0.225426375D+02  0.577760355D+00
 160 150    -.760090875D-08  0.000000000D+00  0.000000000D+00  0.000000000D+00
 160 151    0.132848993D-07  0.000000000D+00  0.000000000D+00  0.000000000D+00
 160 152    0.525417510D-08  0.000000000D+00  0.000000000D+00  0.000000000D+00
 160 153    0.578674747D-08  0.000000000D+00  0.000000000D+00  0.000000000D+00
 160 154    0.682559687D-08  0.000000000D+00  0.000000000D+00  0.000000000D+00
 160 155    0.222791703D-07  0.000000000D+00  0.000000000D+00  0.000000000D+00
 160 156    0.136198173D-07  0.000000000D+00  0.000000000D+00  0.000000000D+00
 160 157    -.588740766D-08  0.000000000D+00  0.000000000D+00  0.000000000D+00
 160 158    -.609050534D-08  0.000000000D+00  0.000000000D+00  0.000000000D+00
 160 159    0.113370343D-06  0.000000000D+00  0.000000000D+00  0.000000000D+00
 160 160    0.999999891D+00  0.179241067D+01  0.586021167D+01  0.947998412D+00
 161 150    0.118674728D-07  0.000000000D+00  0.000000000D+00  0.000000000D+00
 161 151    -.103207573D-07  0.000000000D+00  0.000000000D+00  0.000000000D+00
 161 152    0.105428110D-08  0.000000000D+00  0.000000000D+00  0.000000000D+00
 161 153    -.116156780D-07  0.000000000D+00  0.000000000D+00  0.000000000D+00
 161 154    0.699628582D-08  0.000000000D+00  0.000000000D+00  0.000000000D+00
 161 155    0.797358152D-10  0.000000000D+00  0.000000000D+00  0.000000000D+00
 161 156    0.213997402D-08  0.000000000D+00  0.000000000D+00  0.000000000D+00
 161 157    -.917513029D-09  0.000000000D+00  0.000000000D+00  0.000000000D+00
 161 158    0.162025077D-08  0.000000000D+00  0.000000000D+00  0.000000000D+00
 161 159    -.361397731D-07  0.000000000D+00  0.000000000D+00  0.000000000D+00
 161 160    -.294748110D-07  0.000000000D+00  0.000000000D+00  0.000000000D+00
 161 161    0.100000015D+01  0.114206626D+01  0.230399101D+01  0.137530743D+01
 162 150    -.204962873D-08  0.000000000D+00  0.000000000D+00  0.000000000D+00
 162 151    0.122681226D-08  0.000000000D+00  0.000000000D+00  0.000000000D+00
 162 152    -.580151428D-08  0.000000000D+00  0.000000000D+00  0.000000000D+00
 162 153    0.118167492D-07  0.000000000D+00  0.000000000D+00  0.000000000D+00
 162 154    -.920478114D-08  0.000000000D+00  0.000000000D+00  0.000000000D+00
 162 155    -.574286873D-08  0.000000000D+00  0.000000000D+00  0.000000000D+00
 162 156    -.589686838D-08  0.000000000D+00  0.000000000D+00  0.000000000D+00
 162 157    0.265855008D-08  0.000000000D+00  0.000000000D+00  0.000000000D+00
 162 158    -.418549159D-10  0.000000000D+00  0.000000000D+00  0.000000000D+00
 162 159    -.117672737D-07  0.000000000D+00  0.000000000D+00  0.000000000D+00
 162 160    0.385825591D-07  0.000000000D+00  0.000000000D+00  0.000000000D+00
 162 161    -.972123737D-07  0.000000000D+00  0.000000000D+00  0.000000000D+00
 162 162    0.999999983D+00  0.767424424D+00  0.101986234D+01  0.193332186D+01
 163 150    -.175602383D-08  0.000000000D+00  0.000000000D+00  0.000000000D+00
 163 151    0.192637455D-08  0.000000000D+00  0.000000000D+00  0.000000000D+00
 163 152    0.567520099D-08  0.000000000D+00  0.000000000D+00  0.000000000D+00
 163 153    -.882900386D-08  0.000000000D+00  0.000000000D+00  0.000000000D+00
 163 154    0.716684019D-08  0.000000000D+00  0.000000000D+00  0.000000000D+00
 163 155    0.522647523D-08  0.000000000D+00  0.000000000D+00  0.000000000D+00
 163 156    0.490734613D-08  0.000000000D+00  0.000000000D+00  0.000000000D+00
 163 157    -.217668680D-08  0.000000000D+00  0.000000000D+00  0.000000000D+00
 163 158    -.215089084D-09  0.000000000D+00  0.000000000D+00  0.000000000D+00
 163 159    0.141936486D-07  0.000000000D+00  0.000000000D+00  0.000000000D+00
 163 160    -.525752884D-08  0.000000000D+00  0.000000000D+00  0.000000000D+00
 163 161    -.267865675D-08  0.000000000D+00  0.000000000D+00  0.000000000D+00
 163 162    0.980793485D-07  0.000000000D+00  0.000000000D+00  0.000000000D+00
 163 163    0.999999857D+00  0.518789817D+00  0.459944072D+00  0.272998218D+01
 164 150    -.127144433D-08  0.000000000D+00  0.000000000D+00  0.000000000D+00
 164 151    0.138284362D-08  0.000000000D+00  0.000000000D+00  0.000000000D+00
 164 152    0.348525289D-08  0.000000000D+00  0.000000000D+00  0.000000000D+00
 164 153    -.525179605D-08  0.000000000D+00  0.000000000D+00  0.000000000D+00
 164 154    0.425316058D-08  0.000000000D+00  0.000000000D+00  0.000000000D+00
 164 155    0.312039406D-08  0.000000000D+00  0.000000000D+00  0.000000000D+00
 164 156    0.292059879D-08  0.000000000D+00  0.000000000D+00  0.000000000D+00
 164 157    -.129302855D-08  0.000000000D+00  0.000000000D+00  0.000000000D+00
 164 158    -.131925742D-09  0.000000000D+00  0.000000000D+00  0.000000000D+00
 164 159    0.852693009D-08  0.000000000D+00  0.000000000D+00  0.000000000D+00
 164 160    0.331407256D-09  0.000000000D+00  0.000000000D+00  0.000000000D+00
 164 161    -.226114432D-07  0.000000000D+00  0.000000000D+00  0.000000000D+00
 164 162    0.368067623D-07  0.000000000D+00  0.000000000D+00  0.000000000D+00
 164 163    -.283561923D-07  0.000000000D+00  0.000000000D+00  0.000000000D+00
 164 164    0.100000011D+01  0.351403812D+00  0.208238301D+00  0.387630007D+01
 175 175    0.999999999D+00  0.131752644D+01  0.210412851D+01  0.956846299D+00
 176 175    0.274346686D-08  0.000000000D+00  0.000000000D+00  0.000000000D+00
 176 176    0.100000000D+01  0.295074550D+01  0.100764830D+02  0.479215487D+00
 177 175    0.373300155D-08  0.000000000D+00  0.000000000D+00  0.000000000D+00
 177 176    0.780038797D-08  0.000000000D+00  0.000000000D+00  0.000000000D+00
 177 177    0.999999992D+00  0.483870918D+01  0.267986107D+02  0.303820390D+00
 178 175    0.437308798D-08  0.000000000D+00  0.000000000D+00  0.000000000D+00
 178 176    0.597128381D-08  0.000000000D+00  0.000000000D+00  0.000000000D+00
 178 177    -.102598326D-07  0.000000000D+00  0.000000000D+00  0.000000000D+00
 178 178    0.999999984D+00  0.713222501D+01  0.580376374D+02  0.212129110D+00
 179 175    0.509580100D-08  0.000000000D+00  0.000000000D+00  0.000000000D+00
 179 176    -.160432812D-08  0.000000000D+00  0.000000000D+00  0.000000000D+00
 179 177    0.688114278D-08  0.000000000D+00  0.000000000D+00  0.000000000D+00
 179 178    -.191496438D-08  0.000000000D+00  0.000000000D+00  0.000000000D+00
 179 179    0.100000006D+01  0.982661685D+01  0.111489075D+03  0.162267192D+00
 180 175    0.591431214D-08  0.000000000D+00  0.000000000D+00  0.000000000D+00
 180 176    -.111684788D-07  0.000000000D+00  0.000000000D+00  0.000000000D+00
 180 177    0.356821845D-07  0.000000000D+00  0.000000000D+00  0.000000000D+00
 180 178    0.552022396D-07  0.000000000D+00  0.000000000D+00  0.000000000D+00
 180 179    0.936883813D-07  0.000000000D+00  0.000000000D+00  0.000000000D+00
 180 180    0.100000006D+01  0.120996181D+02  0.175197797D+03  0.144863747D+00
 181 175    -.469689569D-08  0.000000000D+00  0.000000000D+00  0.000000000D+00
 181 176    0.133663610D-07  0.000000000D+00  0.000000000D+00  0.000000000D+00
 181 177    -.490324425D-07  0.000000000D+00  0.000000000D+00  0.000000000D+00
 181 178    -.103476493D-06  0.000000000D+00  0.000000000D+00  0.000000000D+00
 181 179    -.393022226D-07  0.000000000D+00  0.000000000D+00  0.000000000D+00
 181 180    0.513824118D-07  0.000000000D+00  0.000000000D+00  0.000000000D+00
 181 181    0.999999904D+00  0.159708532D+02  0.292059574D+03  0.103049450D+00
 182 175    0.186563122D-08  0.000000000D+00  0.000000000D+00  0.000000000D+00
 182 176    -.681664360D-08  0.000000000D+00  0.000000000D+00  0.000000000D+00
 182 177    0.274833767D-07  0.000000000D+00  0.000000000D+00  0.000000000D+00
 182 178    0.662078730D-07  0.000000000D+00  0.000000000D+00  0.000000000D+00
 182 179    -.231812888D-07  0.000000000D+00  0.000000000D+00  0.000000000D+00
 182 180    -.779719338D-07  0.000000000D+00  0.000000000D+00  0.000000000D+00
 182 181    -.239873654D-08  0.000000000D+00  0.000000000D+00  0.000000000D+00
 182 182    0.100000006D+01  0.253349028D+02  0.677885880D+03  0.486477896D-01
 183 175    0.597043590D-09  0.000000000D+00  0.000000000D+00  0.000000000D+00
 183 176    -.269782255D-08  0.000000000D+00  0.000000000D+00  0.000000000D+00
 183 177    0.106344844D-07  0.000000000D+00  0.000000000D+00  0.000000000D+00
 183 178    0.260172783D-07  0.000000000D+00  0.000000000D+00  0.000000000D+00
 183 179    -.287914782D-07  0.000000000D+00  0.000000000D+00  0.000000000D+00
 183 180    -.451077198D-07  0.000000000D+00  0.000000000D+00  0.000000000D+00
 183 181    -.569570453D-07  0.000000000D+00  0.000000000D+00  0.000000000D+00
 183 182    0.514631224D-07  0.000000000D+00  0.000000000D+00  0.000000000D+00
 183 183    0.100000002D+01  0.380893551D+02  0.149524690D+04  0.282866265D-01
 184 175    -.172452514D-07  0.000000000D+00  0.000000000D+00  0.000000000D+00
 184 176    -.233014566D-08  0.000000000D+00  0.000000000D+00  0.000000000D+00
 184 177    -.271014795D-07  0.000000000D+00  0.000000000D+00  0.000000000D+00
 184 178    -.383580129D-07  0.000000000D+00  0.000000000D+00  0.000000000D+00
 184 179    -.656551305D-07  0.000000000D+00  0.000000000D+00  0.000000000D+00
 184 180    -.845149123D-07  0.000000000D+00  0.000000000D+00  0.000000000D+00
 184 181    0.461576408D-07  0.000000000D+00  0.000000000D+00  0.000000000D+00
 184 182    -.172836262D-07  0.000000000D+00  0.000000000D+00  0.000000000D+00
 184 183    -.156631904D-07  0.000000000D+00  0.000000000D+00  0.000000000D+00
 184 184    0.999999981D+00  0.337393324D+01  0.224348570D+02  0.578401261D+00
 185 175    0.758557508D-08  0.000000000D+00  0.000000000D+00  0.000000000D+00
 185 176    -.132335353D-07  0.000000000D+00  0.000000000D+00  0.000000000D+00
 185 177    -.518022881D-08  0.000000000D+00  0.000000000D+00  0.000000000D+00
 185 178    0.594095337D-08  0.000000000D+00  0.000000000D+00  0.000000000D+00
 185 179    -.656557238D-08  0.000000000D+00  0.000000000D+00  0.000000000D+00
 185 180    -.220427694D-07  0.000000000D+00  0.000000000D+00  0.000000000D+00
 185 181    0.135517821D-07  0.000000000D+00  0.000000000D+00  0.000000000D+00
 185 182    -.585718199D-08  0.000000000D+00  0.000000000D+00  0.000000000D+00
 185 183    -.606590622D-08  0.000000000D+00  0.000000000D+00  0.000000000D+00
 185 184    -.113657264D-06  0.000000000D+00  0.000000000D+00  0.000000000D+00
 185 185    0.999999892D+00  0.179013107D+01  0.584437375D+01  0.948154312D+00
 186 175    0.118483985D-07  0.000000000D+00  0.000000000D+00  0.000000000D+00
 186 176    -.103348878D-07  0.000000000D+00  0.000000000D+00  0.000000000D+00
 186 177    0.101770130D-08  0.000000000D+00  0.000000000D+00  0.000000000D+00
 186 178    0.116191721D-07  0.000000000D+00  0.000000000D+00  0.000000000D+00
 186 179    0.707000952D-08  0.000000000D+00  0.000000000D+00  0.000000000D+00
 186 180    0.181206633D-09  0.000000000D+00  0.000000000D+00  0.000000000D+00
 186 181    -.221607180D-08  0.000000000D+00  0.000000000D+00  0.000000000D+00
 186 182    0.953820650D-09  0.000000000D+00  0.000000000D+00  0.000000000D+00
 186 183    -.160292479D-08  0.000000000D+00  0.000000000D+00  0.000000000D+00
 186 184    -.359401083D-07  0.000000000D+00  0.000000000D+00  0.000000000D+00
 186 185    0.301313702D-07  0.000000000D+00  0.000000000D+00  0.000000000D+00
 186 186    0.100000015D+01  0.114139808D+01  0.229964843D+01  0.137383523D+01
 187 175    -.207708252D-08  0.000000000D+00  0.000000000D+00  0.000000000D+00
 187 176    0.127068285D-08  0.000000000D+00  0.000000000D+00  0.000000000D+00
 187 177    -.574299839D-08  0.000000000D+00  0.000000000D+00  0.000000000D+00
 187 178    -.117812682D-07  0.000000000D+00  0.000000000D+00  0.000000000D+00
 187 179    -.921205807D-08  0.000000000D+00  0.000000000D+00  0.000000000D+00
 187 180    -.577864886D-08  0.000000000D+00  0.000000000D+00  0.000000000D+00
 187 181    0.594556549D-08  0.000000000D+00  0.000000000D+00  0.000000000D+00
 187 182    -.268087661D-08  0.000000000D+00  0.000000000D+00  0.000000000D+00
 187 183    0.334846570D-10  0.000000000D+00  0.000000000D+00  0.000000000D+00
 187 184    -.119669743D-07  0.000000000D+00  0.000000000D+00  0.000000000D+00
 187 185    -.386364060D-07  0.000000000D+00  0.000000000D+00  0.000000000D+00
 187 186    -.968147725D-07  0.000000000D+00  0.000000000D+00  0.000000000D+00
 187 187    0.999999982D+00  0.767327787D+00  0.101816783D+01  0.192923926D+01
 188 175    -.172105755D-08  0.000000000D+00  0.000000000D+00  0.000000000D+00
 188 176    0.188578676D-08  0.000000000D+00  0.000000000D+00  0.000000000D+00
 188 177    0.562556143D-08  0.000000000D+00  0.000000000D+00  0.000000000D+00
 188 178    0.879145710D-08  0.000000000D+00  0.000000000D+00  0.000000000D+00
 188 179    0.715646464D-08  0.000000000D+00  0.000000000D+00  0.000000000D+00
 188 180    0.523826663D-08  0.000000000D+00  0.000000000D+00  0.000000000D+00
 188 181    -.493482775D-08  0.000000000D+00  0.000000000D+00  0.000000000D+00
 188 182    0.218868041D-08  0.000000000D+00  0.000000000D+00  0.000000000D+00
 188 183    0.219241296D-09  0.000000000D+00  0.000000000D+00  0.000000000D+00
 188 184    0.142711858D-07  0.000000000D+00  0.000000000D+00  0.000000000D+00
 188 185    0.505831915D-08  0.000000000D+00  0.000000000D+00  0.000000000D+00
 188 186    -.324288199D-08  0.000000000D+00  0.000000000D+00  0.000000000D+00
 188 187    0.987734296D-07  0.000000000D+00  0.000000000D+00  0.000000000D+00
 188 188    0.999999857D+00  0.518721759D+00  0.458878844D+00  0.272275414D+01
 189 175    -.125823587D-08  0.000000000D+00  0.000000000D+00  0.000000000D+00
 189 176    0.136163206D-08  0.000000000D+00  0.000000000D+00  0.000000000D+00
 189 177    0.345480679D-08  0.000000000D+00  0.000000000D+00  0.000000000D+00
 189 178    0.522541538D-08  0.000000000D+00  0.000000000D+00  0.000000000D+00
 189 179    0.424289927D-08  0.000000000D+00  0.000000000D+00  0.000000000D+00
 189 180    0.312403530D-08  0.000000000D+00  0.000000000D+00  0.000000000D+00
 189 181    -.293387420D-08  0.000000000D+00  0.000000000D+00  0.000000000D+00
 189 182    0.129886517D-08  0.000000000D+00  0.000000000D+00  0.000000000D+00
 189 183    0.134295877D-09  0.000000000D+00  0.000000000D+00  0.000000000D+00
 189 184    0.857080317D-08  0.000000000D+00  0.000000000D+00  0.000000000D+00
 189 185    -.429903668D-09  0.000000000D+00  0.000000000D+00  0.000000000D+00
 189 186    -.227380892D-07  0.000000000D+00  0.000000000D+00  0.000000000D+00
 189 187    0.363048941D-07  0.000000000D+00  0.000000000D+00  0.000000000D+00
 189 188    -.268166075D-07  0.000000000D+00  0.000000000D+00  0.000000000D+00
 189 189    0.100000011D+01  0.351425771D+00  0.207640306D+00  0.386229253D+01
 200 200    0.999999998D+00  0.339522278D+01  0.126092290D+02  0.325466722D+00
 201 200    0.197749270D-07  0.000000000D+00  0.000000000D+00  0.000000000D+00
 201 201    0.999999974D+00  0.544116348D+01  0.334139419D+02  0.226962231D+00
 202 200    -.288890001D-07  0.000000000D+00  0.000000000D+00  0.000000000D+00
 202 201    0.292635003D-07  0.000000000D+00  0.000000000D+00  0.000000000D+00
 202 202    0.999999940D+00  0.798375736D+01  0.720292390D+02  0.164681824D+00
 203 200    0.195787164D-07  0.000000000D+00  0.000000000D+00  0.000000000D+00
 203 201    -.439851980D-08  0.000000000D+00  0.000000000D+00  0.000000000D+00
 203 202    0.911526064D-07  0.000000000D+00  0.000000000D+00  0.000000000D+00
 203 203    0.999999977D+00  0.114858700D+02  0.148388077D+03  0.120382492D+00
 204 200    -.363335856D-08  0.000000000D+00  0.000000000D+00  0.000000000D+00
 204 201    -.294458435D-07  0.000000000D+00  0.000000000D+00  0.000000000D+00
 204 202    -.159896612D-07  0.000000000D+00  0.000000000D+00  0.000000000D+00
 204 203    -.537550918D-07  0.000000000D+00  0.000000000D+00  0.000000000D+00
 204 204    0.100000013D+01  0.158632447D+02  0.294243273D+03  0.102391996D+00
 205 200    -.150250561D-07  0.000000000D+00  0.000000000D+00  0.000000000D+00
 205 201    0.867112322D-07  0.000000000D+00  0.000000000D+00  0.000000000D+00
 205 202    -.230452874D-06  0.000000000D+00  0.000000000D+00  0.000000000D+00
 205 203    0.226923639D-06  0.000000000D+00  0.000000000D+00  0.000000000D+00
 205 204    -.100937824D-06  0.000000000D+00  0.000000000D+00  0.000000000D+00
 205 205    0.999999791D+00  0.109575163D+02  0.174635062D+03  0.175417557D+00
 206 200    0.171102719D-07  0.000000000D+00  0.000000000D+00  0.000000000D+00
 206 201    0.264730155D-07  0.000000000D+00  0.000000000D+00  0.000000000D+00
 206 202    -.529557180D-07  0.000000000D+00  0.000000000D+00  0.000000000D+00
 206 203    0.116356386D-06  0.000000000D+00  0.000000000D+00  0.000000000D+00
 206 204    -.162000252D-06  0.000000000D+00  0.000000000D+00  0.000000000D+00
 206 205    0.181963961D-06  0.000000000D+00  0.000000000D+00  0.000000000D+00
 206 206    0.100000033D+01  0.305886666D+01  0.147771819D+02  0.458482918D+00
 207 200    0.145040283D-08  0.000000000D+00  0.000000000D+00  0.000000000D+00
 207 201    0.141135741D-07  0.000000000D+00  0.000000000D+00  0.000000000D+00
 207 202    -.692508396D-08  0.000000000D+00  0.000000000D+00  0.000000000D+00
 207 203    -.317174179D-07  0.000000000D+00  0.000000000D+00  0.000000000D+00
 207 204    0.652763765D-07  0.000000000D+00  0.000000000D+00  0.000000000D+00
 207 205    -.872358299D-07  0.000000000D+00  0.000000000D+00  0.000000000D+00
 207 206    -.410444732D-07  0.000000000D+00  0.000000000D+00  0.000000000D+00
 207 207    0.999999760D+00  0.184522184D+01  0.512168219D+01  0.705003358D+00
 208 200    0.756550318D-08  0.000000000D+00  0.000000000D+00  0.000000000D+00
 208 201    0.188591062D-07  0.000000000D+00  0.000000000D+00  0.000000000D+00
 208 202    -.164028057D-07  0.000000000D+00  0.000000000D+00  0.000000000D+00
 208 203    -.469525495D-08  0.000000000D+00  0.000000000D+00  0.000000000D+00
 208 204    0.222768916D-07  0.000000000D+00  0.000000000D+00  0.000000000D+00
 208 205    -.288853940D-07  0.000000000D+00  0.000000000D+00  0.000000000D+00
 208 206    0.829056065D-07  0.000000000D+00  0.000000000D+00  0.000000000D+00
 208 207    -.249862508D-06  0.000000000D+00  0.000000000D+00  0.000000000D+00
 208 208    0.999999705D+00  0.124169307D+01  0.226952715D+01  0.102111132D+01
 223 223    0.999999977D+00  0.339491070D+01  0.126073968D+02  0.325507347D+00
 224 223    -.217604402D-07  0.000000000D+00  0.000000000D+00  0.000000000D+00
 224 224    0.999999985D+00  0.543915490D+01  0.333859691D+02  0.226980570D+00
 225 223    -.107608610D-07  0.000000000D+00  0.000000000D+00  0.000000000D+00
 225 224    -.509590486D-07  0.000000000D+00  0.000000000D+00  0.000000000D+00
 225 225    0.999999972D+00  0.799117491D+01  0.719358842D+02  0.163713237D+00
 226 223    0.121063088D-08  0.000000000D+00  0.000000000D+00  0.000000000D+00
 226 224    -.540022349D-07  0.000000000D+00  0.000000000D+00  0.000000000D+00
 226 225    -.639491995D-07  0.000000000D+00  0.000000000D+00  0.000000000D+00
 226 226    0.100000002D+01  0.117448283D+02  0.152605899D+03  0.113920391D+00
 227 223    0.892960849D-08  0.000000000D+00  0.000000000D+00  0.000000000D+00
 227 224    -.121690278D-07  0.000000000D+00  0.000000000D+00  0.000000000D+00
 227 225    -.418983740D-07  0.000000000D+00  0.000000000D+00  0.000000000D+00
 227 226    0.435955152D-07  0.000000000D+00  0.000000000D+00  0.000000000D+00
 227 227    0.100000009D+01  0.178265222D+02  0.347350982D+03  0.781770432D-01
 228 223    -.389724937D-07  0.000000000D+00  0.000000000D+00  0.000000000D+00
 228 224    -.108821007D-06  0.000000000D+00  0.000000000D+00  0.000000000D+00
 228 225    -.166249293D-06  0.000000000D+00  0.000000000D+00  0.000000000D+00
 228 226    -.101281985D-06  0.000000000D+00  0.000000000D+00  0.000000000D+00
 228 227    0.615244159D-07  0.000000000D+00  0.000000000D+00  0.000000000D+00
 228 228    0.999999321D+00  0.736052485D+01  0.899923032D+02  0.248812588D+00
 229 223    0.509465255D-08  0.000000000D+00  0.000000000D+00  0.000000000D+00
 229 224    0.322489432D-07  0.000000000D+00  0.000000000D+00  0.000000000D+00
 229 225    0.756663454D-07  0.000000000D+00  0.000000000D+00  0.000000000D+00
 229 226    0.713748594D-07  0.000000000D+00  0.000000000D+00  0.000000000D+00
 229 227    -.342661590D-09  0.000000000D+00  0.000000000D+00  0.000000000D+00
 229 228    0.288299688D-06  0.000000000D+00  0.000000000D+00  0.000000000D+00
 229 229    0.999999972D+00  0.263370199D+01  0.107943505D+02  0.515811074D+00
 230 223    0.371545654D-08  0.000000000D+00  0.000000000D+00  0.000000000D+00
 230 224    0.245468673D-07  0.000000000D+00  0.000000000D+00  0.000000000D+00
 230 225    0.538130497D-07  0.000000000D+00  0.000000000D+00  0.000000000D+00
 230 226    0.562413260D-07  0.000000000D+00  0.000000000D+00  0.000000000D+00
 230 227    0.241224765D-07  0.000000000D+00  0.000000000D+00  0.000000000D+00
 230 228    0.574375901D-07  0.000000000D+00  0.000000000D+00  0.000000000D+00
 230 229    0.169100498D-06  0.000000000D+00  0.000000000D+00  0.000000000D+00
 230 230    0.100000035D+01  0.161737137D+01  0.388082684D+01  0.790258868D+00
 Time spent (in seconds) is:    9.15391707420349     
